2024-07-05 19:22:12.527 ERROR [main] [quiz.Question.getQuestionText(Question.java:17)] - text of question wasn't received
2024-07-05 19:22:12.548 DEBUG [main] [quiz.Question.<init>(Question.java:35)] - new question was added; text of question: 'null'.
2024-07-05 19:22:12.549 ERROR [main] [quiz.Question.getDefeatStatement(Question.java:21)] - wrong answer notion wasn't received
2024-07-05 19:22:12.554 ERROR [main] [quiz.Question.getQuestionText(Question.java:17)] - text of question wasn't received
2024-07-05 19:22:12.554 DEBUG [main] [quiz.Question.<init>(Question.java:35)] - new question was added; text of question: 'null'.
2024-07-05 19:22:12.555 ERROR [main] [quiz.Question.getAnswers(Question.java:26)] - a map of answers wasn't received
2024-07-05 19:22:12.568 ERROR [main] [quiz.Question.getQuestionText(Question.java:17)] - text of question wasn't received
2024-07-05 19:22:12.569 DEBUG [main] [quiz.Question.<init>(Question.java:35)] - new question was added; text of question: 'question text'.
2024-07-05 19:22:12.569 ERROR [main] [quiz.Question.getQuestionText(Question.java:17)] - text of question wasn't received
2024-07-05 19:27:15.653 ERROR [main] [quiz.Question.getQuestionText(Question.java:17)] - text of question wasn't received
2024-07-05 19:27:15.676 INFO [main] [quiz.Question.<init>(Question.java:35)] - new question was added; text of question: 'null'.
2024-07-05 19:27:15.676 ERROR [main] [quiz.Question.getDefeatStatement(Question.java:21)] - wrong answer notion wasn't received
2024-07-05 19:27:15.680 ERROR [main] [quiz.Question.getQuestionText(Question.java:17)] - text of question wasn't received
2024-07-05 19:27:15.680 INFO [main] [quiz.Question.<init>(Question.java:35)] - new question was added; text of question: 'null'.
2024-07-05 19:27:15.681 ERROR [main] [quiz.Question.getAnswers(Question.java:26)] - a map of answers wasn't received
2024-07-05 19:27:15.693 ERROR [main] [quiz.Question.getQuestionText(Question.java:17)] - text of question wasn't received
2024-07-05 19:27:15.694 INFO [main] [quiz.Question.<init>(Question.java:35)] - new question was added; text of question: 'question text'.
2024-07-05 19:27:15.694 ERROR [main] [quiz.Question.getQuestionText(Question.java:17)] - text of question wasn't received
2024-07-05 19:46:54.432 ERROR [main] [quiz.Question.getQuestionText(Question.java:17)] - text of question wasn't received
2024-07-05 19:46:54.456 INFO [main] [quiz.Question.<init>(Question.java:35)] - new question was added; text of question: 'null'.
2024-07-05 19:46:54.457 ERROR [main] [quiz.Question.getDefeatStatement(Question.java:21)] - wrong answer notion wasn't received
2024-07-05 19:46:54.463 ERROR [main] [quiz.Question.getQuestionText(Question.java:17)] - text of question wasn't received
2024-07-05 19:46:54.463 INFO [main] [quiz.Question.<init>(Question.java:35)] - new question was added; text of question: 'null'.
2024-07-05 19:46:54.464 ERROR [main] [quiz.Question.getAnswers(Question.java:26)] - a map of answers wasn't received
2024-07-05 19:46:54.480 ERROR [main] [quiz.Question.getQuestionText(Question.java:17)] - text of question wasn't received
2024-07-05 19:46:54.481 INFO [main] [quiz.Question.<init>(Question.java:35)] - new question was added; text of question: 'question text'.
2024-07-05 19:46:54.482 ERROR [main] [quiz.Question.getQuestionText(Question.java:17)] - text of question wasn't received
2024-07-05 19:49:49.598 WARN [main] [org.testng.log4testng.Logger.warn(Logger.java:133)] - Support to run JUnit tests using TestNG stands deprecated and will be removed in future versions. You can now use the JUnit5 TestNG engine to run both JUnit and TestNG tests. For more information refer to https://github.com/junit-team/testng-engine .
2024-07-05 19:49:49.660 ERROR [main] [quiz.Question.getQuestionText(Question.java:17)] - text of question wasn't received
2024-07-05 19:49:49.661 INFO [main] [quiz.Question.<init>(Question.java:35)] - new question was added; text of question: 'null'.
2024-07-05 19:49:49.661 ERROR [main] [quiz.Question.getDefeatStatement(Question.java:21)] - wrong answer notion wasn't received
2024-07-05 19:49:49.663 ERROR [main] [quiz.Question.getQuestionText(Question.java:17)] - text of question wasn't received
2024-07-05 19:49:49.664 INFO [main] [quiz.Question.<init>(Question.java:35)] - new question was added; text of question: 'null'.
2024-07-05 19:49:49.664 ERROR [main] [quiz.Question.getAnswers(Question.java:26)] - a map of answers wasn't received
2024-07-05 19:49:49.677 ERROR [main] [quiz.Question.getQuestionText(Question.java:17)] - text of question wasn't received
2024-07-05 19:49:49.678 INFO [main] [quiz.Question.<init>(Question.java:35)] - new question was added; text of question: 'question text'.
2024-07-05 19:49:49.678 ERROR [main] [quiz.Question.getQuestionText(Question.java:17)] - text of question wasn't received
